DeepSdf - INFO - Experiment description: 
This is a test experiment to see if we can memorize a vector distance function from 3 examples
DeepSdf - INFO - training with 3 GPU(s)
DeepSdf - INFO - There are 3 scenes
DeepSdf - INFO - starting from epoch 1
DeepSdf - INFO - Number of decoder parameters: 2108925
DeepSdf - INFO - Number of shape code parameters: 768 (# codes 3, code dim 256)
DeepSdf - INFO - epoch 1...
DeepSdf - INFO - epoch 2...
DeepSdf - INFO - epoch 3...
DeepSdf - INFO - epoch 4...
DeepSdf - INFO - epoch 5...
DeepSdf - INFO - epoch 6...
DeepSdf - INFO - epoch 7...
DeepSdf - INFO - epoch 8...
DeepSdf - INFO - epoch 9...
DeepSdf - INFO - epoch 10...
DeepSdf - INFO - epoch 11...
DeepSdf - INFO - epoch 12...
DeepSdf - INFO - epoch 13...
DeepSdf - INFO - epoch 14...
DeepSdf - INFO - epoch 15...
DeepSdf - INFO - epoch 16...
DeepSdf - INFO - epoch 17...
DeepSdf - INFO - epoch 18...
DeepSdf - INFO - epoch 19...
DeepSdf - INFO - epoch 20...
DeepSdf - INFO - epoch 21...
DeepSdf - INFO - epoch 22...
DeepSdf - INFO - epoch 23...
DeepSdf - INFO - epoch 24...
DeepSdf - INFO - epoch 25...
DeepSdf - INFO - epoch 26...
DeepSdf - INFO - epoch 27...
DeepSdf - INFO - epoch 28...
DeepSdf - INFO - epoch 29...
DeepSdf - INFO - epoch 30...
DeepSdf - INFO - epoch 31...
DeepSdf - INFO - epoch 32...
DeepSdf - INFO - epoch 33...
DeepSdf - INFO - epoch 34...
DeepSdf - INFO - epoch 35...
DeepSdf - INFO - epoch 36...
DeepSdf - INFO - epoch 37...
DeepSdf - INFO - epoch 38...
DeepSdf - INFO - epoch 39...
DeepSdf - INFO - epoch 40...
DeepSdf - INFO - epoch 41...
DeepSdf - INFO - epoch 42...
DeepSdf - INFO - epoch 43...
DeepSdf - INFO - epoch 44...
DeepSdf - INFO - epoch 45...
DeepSdf - INFO - epoch 46...
DeepSdf - INFO - epoch 47...
DeepSdf - INFO - epoch 48...
DeepSdf - INFO - epoch 49...
DeepSdf - INFO - epoch 50...
DeepSdf - INFO - epoch 51...
DeepSdf - INFO - epoch 52...
DeepSdf - INFO - epoch 53...
DeepSdf - INFO - epoch 54...
DeepSdf - INFO - epoch 55...
DeepSdf - INFO - epoch 56...
DeepSdf - INFO - epoch 57...
DeepSdf - INFO - epoch 58...
DeepSdf - INFO - epoch 59...
DeepSdf - INFO - epoch 60...
DeepSdf - INFO - epoch 61...
DeepSdf - INFO - epoch 62...
DeepSdf - INFO - epoch 63...
DeepSdf - INFO - epoch 64...
DeepSdf - INFO - epoch 65...
DeepSdf - INFO - epoch 66...
DeepSdf - INFO - epoch 67...
DeepSdf - INFO - epoch 68...
DeepSdf - INFO - epoch 69...
DeepSdf - INFO - epoch 70...
DeepSdf - INFO - epoch 71...
DeepSdf - INFO - epoch 72...
DeepSdf - INFO - epoch 73...
DeepSdf - INFO - epoch 74...
DeepSdf - INFO - epoch 75...
DeepSdf - INFO - epoch 76...
DeepSdf - INFO - epoch 77...
DeepSdf - INFO - epoch 78...
DeepSdf - INFO - epoch 79...
DeepSdf - INFO - epoch 80...
DeepSdf - INFO - epoch 81...
DeepSdf - INFO - epoch 82...
DeepSdf - INFO - epoch 83...
DeepSdf - INFO - epoch 84...
DeepSdf - INFO - epoch 85...
DeepSdf - INFO - epoch 86...
DeepSdf - INFO - epoch 87...
DeepSdf - INFO - epoch 88...
DeepSdf - INFO - epoch 89...
DeepSdf - INFO - epoch 90...
DeepSdf - INFO - epoch 91...
DeepSdf - INFO - epoch 92...
DeepSdf - INFO - epoch 93...
DeepSdf - INFO - epoch 94...
DeepSdf - INFO - epoch 95...
DeepSdf - INFO - epoch 96...
DeepSdf - INFO - epoch 97...
DeepSdf - INFO - epoch 98...
DeepSdf - INFO - epoch 99...
DeepSdf - INFO - epoch 100...
DeepSdf - INFO - epoch 101...
DeepSdf - INFO - epoch 102...
DeepSdf - INFO - epoch 103...
DeepSdf - INFO - epoch 104...
DeepSdf - INFO - epoch 105...
DeepSdf - INFO - epoch 106...
DeepSdf - INFO - epoch 107...
DeepSdf - INFO - epoch 108...
DeepSdf - INFO - epoch 109...
DeepSdf - INFO - epoch 110...
DeepSdf - INFO - epoch 111...
DeepSdf - INFO - epoch 112...
DeepSdf - INFO - epoch 113...
DeepSdf - INFO - epoch 114...
DeepSdf - INFO - epoch 115...
DeepSdf - INFO - epoch 116...
DeepSdf - INFO - epoch 117...
DeepSdf - INFO - epoch 118...
DeepSdf - INFO - epoch 119...
DeepSdf - INFO - epoch 120...
DeepSdf - INFO - epoch 121...
DeepSdf - INFO - epoch 122...
DeepSdf - INFO - epoch 123...
DeepSdf - INFO - epoch 124...
DeepSdf - INFO - epoch 125...
DeepSdf - INFO - epoch 126...
DeepSdf - INFO - epoch 127...
DeepSdf - INFO - epoch 128...
DeepSdf - INFO - epoch 129...
DeepSdf - INFO - epoch 130...
DeepSdf - INFO - epoch 131...
DeepSdf - INFO - epoch 132...
DeepSdf - INFO - epoch 133...
DeepSdf - INFO - epoch 134...
DeepSdf - INFO - epoch 135...
DeepSdf - INFO - epoch 136...
DeepSdf - INFO - epoch 137...
DeepSdf - INFO - epoch 138...
DeepSdf - INFO - epoch 139...
DeepSdf - INFO - epoch 140...
DeepSdf - INFO - epoch 141...
DeepSdf - INFO - epoch 142...
DeepSdf - INFO - epoch 143...
DeepSdf - INFO - epoch 144...
DeepSdf - INFO - epoch 145...
DeepSdf - INFO - epoch 146...
DeepSdf - INFO - epoch 147...
DeepSdf - INFO - epoch 148...
DeepSdf - INFO - epoch 149...
DeepSdf - INFO - epoch 150...
DeepSdf - INFO - epoch 151...
DeepSdf - INFO - epoch 152...
DeepSdf - INFO - epoch 153...
DeepSdf - INFO - epoch 154...
DeepSdf - INFO - epoch 155...
DeepSdf - INFO - epoch 156...
DeepSdf - INFO - epoch 157...
DeepSdf - INFO - epoch 158...
DeepSdf - INFO - epoch 159...
DeepSdf - INFO - epoch 160...
DeepSdf - INFO - epoch 161...
DeepSdf - INFO - epoch 162...
DeepSdf - INFO - epoch 163...
DeepSdf - INFO - epoch 164...
DeepSdf - INFO - epoch 165...
DeepSdf - INFO - epoch 166...
DeepSdf - INFO - epoch 167...
DeepSdf - INFO - epoch 168...
DeepSdf - INFO - epoch 169...
DeepSdf - INFO - epoch 170...
DeepSdf - INFO - epoch 171...
DeepSdf - INFO - epoch 172...
DeepSdf - INFO - epoch 173...
DeepSdf - INFO - epoch 174...
DeepSdf - INFO - epoch 175...
DeepSdf - INFO - epoch 176...
DeepSdf - INFO - epoch 177...
DeepSdf - INFO - epoch 178...
DeepSdf - INFO - epoch 179...
DeepSdf - INFO - epoch 180...
DeepSdf - INFO - epoch 181...
DeepSdf - INFO - epoch 182...
DeepSdf - INFO - epoch 183...
DeepSdf - INFO - epoch 184...
DeepSdf - INFO - epoch 185...
DeepSdf - INFO - epoch 186...
DeepSdf - INFO - epoch 187...
DeepSdf - INFO - epoch 188...
DeepSdf - INFO - epoch 189...
DeepSdf - INFO - epoch 190...
DeepSdf - INFO - epoch 191...
DeepSdf - INFO - epoch 192...
DeepSdf - INFO - epoch 193...
DeepSdf - INFO - epoch 194...
DeepSdf - INFO - epoch 195...
DeepSdf - INFO - epoch 196...
DeepSdf - INFO - epoch 197...
DeepSdf - INFO - epoch 198...
DeepSdf - INFO - epoch 199...
DeepSdf - INFO - epoch 200...
DeepSdf - INFO - epoch 201...
DeepSdf - INFO - epoch 202...
DeepSdf - INFO - epoch 203...
DeepSdf - INFO - epoch 204...
DeepSdf - INFO - epoch 205...
DeepSdf - INFO - epoch 206...
DeepSdf - INFO - epoch 207...
DeepSdf - INFO - epoch 208...
DeepSdf - INFO - epoch 209...
DeepSdf - INFO - epoch 210...
DeepSdf - INFO - epoch 211...
DeepSdf - INFO - epoch 212...
DeepSdf - INFO - epoch 213...
DeepSdf - INFO - epoch 214...
DeepSdf - INFO - epoch 215...
DeepSdf - INFO - epoch 216...
DeepSdf - INFO - epoch 217...
DeepSdf - INFO - epoch 218...
DeepSdf - INFO - epoch 219...
DeepSdf - INFO - epoch 220...
DeepSdf - INFO - epoch 221...
DeepSdf - INFO - epoch 222...
DeepSdf - INFO - epoch 223...
DeepSdf - INFO - epoch 224...
DeepSdf - INFO - epoch 225...
DeepSdf - INFO - epoch 226...
DeepSdf - INFO - epoch 227...
DeepSdf - INFO - epoch 228...
DeepSdf - INFO - epoch 229...
DeepSdf - INFO - epoch 230...
DeepSdf - INFO - epoch 231...
DeepSdf - INFO - epoch 232...
DeepSdf - INFO - epoch 233...
DeepSdf - INFO - epoch 234...
DeepSdf - INFO - epoch 235...
DeepSdf - INFO - epoch 236...
DeepSdf - INFO - epoch 237...
DeepSdf - INFO - epoch 238...
DeepSdf - INFO - epoch 239...
DeepSdf - INFO - epoch 240...
DeepSdf - INFO - epoch 241...
DeepSdf - INFO - epoch 242...
DeepSdf - INFO - epoch 243...
DeepSdf - INFO - epoch 244...
DeepSdf - INFO - epoch 245...
DeepSdf - INFO - epoch 246...
DeepSdf - INFO - epoch 247...
DeepSdf - INFO - epoch 248...
DeepSdf - INFO - epoch 249...
DeepSdf - INFO - epoch 250...
DeepSdf - INFO - epoch 251...
DeepSdf - INFO - epoch 252...
DeepSdf - INFO - epoch 253...
DeepSdf - INFO - epoch 254...
DeepSdf - INFO - epoch 255...
DeepSdf - INFO - epoch 256...
DeepSdf - INFO - epoch 257...
DeepSdf - INFO - epoch 258...
DeepSdf - INFO - epoch 259...
DeepSdf - INFO - epoch 260...
DeepSdf - INFO - epoch 261...
DeepSdf - INFO - epoch 262...
DeepSdf - INFO - epoch 263...
DeepSdf - INFO - epoch 264...
DeepSdf - INFO - epoch 265...
DeepSdf - INFO - epoch 266...
DeepSdf - INFO - epoch 267...
DeepSdf - INFO - epoch 268...
DeepSdf - INFO - epoch 269...
DeepSdf - INFO - epoch 270...
DeepSdf - INFO - epoch 271...
DeepSdf - INFO - epoch 272...
DeepSdf - INFO - epoch 273...
DeepSdf - INFO - epoch 274...
DeepSdf - INFO - epoch 275...
DeepSdf - INFO - epoch 276...
DeepSdf - INFO - epoch 277...
DeepSdf - INFO - epoch 278...
DeepSdf - INFO - epoch 279...
DeepSdf - INFO - epoch 280...
DeepSdf - INFO - epoch 281...
DeepSdf - INFO - epoch 282...
DeepSdf - INFO - epoch 283...
DeepSdf - INFO - epoch 284...
DeepSdf - INFO - epoch 285...
DeepSdf - INFO - epoch 286...
DeepSdf - INFO - epoch 287...
DeepSdf - INFO - epoch 288...
DeepSdf - INFO - epoch 289...
DeepSdf - INFO - epoch 290...
DeepSdf - INFO - epoch 291...
DeepSdf - INFO - epoch 292...
DeepSdf - INFO - epoch 293...
DeepSdf - INFO - epoch 294...
DeepSdf - INFO - epoch 295...
DeepSdf - INFO - epoch 296...
DeepSdf - INFO - epoch 297...
DeepSdf - INFO - epoch 298...
DeepSdf - INFO - epoch 299...
DeepSdf - INFO - epoch 300...
DeepSdf - INFO - epoch 301...
DeepSdf - INFO - epoch 302...
DeepSdf - INFO - epoch 303...
DeepSdf - INFO - epoch 304...
DeepSdf - INFO - epoch 305...
DeepSdf - INFO - epoch 306...
DeepSdf - INFO - epoch 307...
DeepSdf - INFO - epoch 308...
DeepSdf - INFO - epoch 309...
DeepSdf - INFO - epoch 310...
DeepSdf - INFO - epoch 311...
DeepSdf - INFO - epoch 312...
DeepSdf - INFO - epoch 313...
DeepSdf - INFO - epoch 314...
DeepSdf - INFO - epoch 315...
DeepSdf - INFO - epoch 316...
DeepSdf - INFO - epoch 317...
DeepSdf - INFO - epoch 318...
DeepSdf - INFO - epoch 319...
DeepSdf - INFO - epoch 320...
DeepSdf - INFO - epoch 321...
DeepSdf - INFO - epoch 322...
DeepSdf - INFO - epoch 323...
DeepSdf - INFO - epoch 324...
DeepSdf - INFO - epoch 325...
DeepSdf - INFO - epoch 326...
DeepSdf - INFO - epoch 327...
DeepSdf - INFO - epoch 328...
DeepSdf - INFO - epoch 329...
DeepSdf - INFO - epoch 330...
DeepSdf - INFO - epoch 331...
DeepSdf - INFO - epoch 332...
DeepSdf - INFO - epoch 333...
DeepSdf - INFO - epoch 334...
DeepSdf - INFO - epoch 335...
DeepSdf - INFO - epoch 336...
DeepSdf - INFO - epoch 337...
DeepSdf - INFO - epoch 338...
DeepSdf - INFO - epoch 339...
DeepSdf - INFO - epoch 340...
DeepSdf - INFO - epoch 341...
DeepSdf - INFO - epoch 342...
DeepSdf - INFO - epoch 343...
DeepSdf - INFO - epoch 344...
DeepSdf - INFO - epoch 345...
DeepSdf - INFO - epoch 346...
DeepSdf - INFO - epoch 347...
DeepSdf - INFO - epoch 348...
DeepSdf - INFO - epoch 349...
DeepSdf - INFO - epoch 350...
DeepSdf - INFO - epoch 351...
DeepSdf - INFO - epoch 352...
DeepSdf - INFO - epoch 353...
DeepSdf - INFO - epoch 354...
DeepSdf - INFO - epoch 355...
DeepSdf - INFO - epoch 356...
DeepSdf - INFO - epoch 357...
DeepSdf - INFO - epoch 358...
DeepSdf - INFO - epoch 359...
DeepSdf - INFO - epoch 360...
DeepSdf - INFO - epoch 361...
DeepSdf - INFO - epoch 362...
DeepSdf - INFO - epoch 363...
DeepSdf - INFO - epoch 364...
DeepSdf - INFO - epoch 365...
DeepSdf - INFO - epoch 366...
DeepSdf - INFO - epoch 367...
DeepSdf - INFO - epoch 368...
DeepSdf - INFO - epoch 369...
DeepSdf - INFO - epoch 370...
DeepSdf - INFO - epoch 371...
DeepSdf - INFO - epoch 372...
DeepSdf - INFO - epoch 373...
DeepSdf - INFO - epoch 374...
DeepSdf - INFO - epoch 375...
DeepSdf - INFO - epoch 376...
DeepSdf - INFO - epoch 377...
DeepSdf - INFO - epoch 378...
DeepSdf - INFO - epoch 379...
DeepSdf - INFO - epoch 380...
DeepSdf - INFO - epoch 381...
DeepSdf - INFO - epoch 382...
DeepSdf - INFO - epoch 383...
DeepSdf - INFO - epoch 384...
DeepSdf - INFO - epoch 385...
DeepSdf - INFO - epoch 386...
DeepSdf - INFO - epoch 387...
DeepSdf - INFO - epoch 388...
DeepSdf - INFO - epoch 389...
DeepSdf - INFO - epoch 390...
DeepSdf - INFO - epoch 391...
DeepSdf - INFO - epoch 392...
DeepSdf - INFO - epoch 393...
DeepSdf - INFO - epoch 394...
DeepSdf - INFO - epoch 395...
DeepSdf - INFO - epoch 396...
DeepSdf - INFO - epoch 397...
DeepSdf - INFO - epoch 398...
DeepSdf - INFO - epoch 399...
DeepSdf - INFO - epoch 400...
DeepSdf - INFO - epoch 401...
DeepSdf - INFO - epoch 402...
DeepSdf - INFO - epoch 403...
DeepSdf - INFO - epoch 404...
DeepSdf - INFO - epoch 405...
DeepSdf - INFO - epoch 406...
DeepSdf - INFO - epoch 407...
DeepSdf - INFO - epoch 408...
DeepSdf - INFO - epoch 409...
DeepSdf - INFO - epoch 410...
DeepSdf - INFO - epoch 411...
DeepSdf - INFO - epoch 412...
DeepSdf - INFO - epoch 413...
DeepSdf - INFO - epoch 414...
DeepSdf - INFO - epoch 415...
DeepSdf - INFO - epoch 416...
DeepSdf - INFO - epoch 417...
DeepSdf - INFO - epoch 418...
DeepSdf - INFO - epoch 419...
DeepSdf - INFO - epoch 420...
DeepSdf - INFO - epoch 421...
DeepSdf - INFO - epoch 422...
DeepSdf - INFO - epoch 423...
DeepSdf - INFO - epoch 424...
DeepSdf - INFO - epoch 425...
DeepSdf - INFO - epoch 426...
DeepSdf - INFO - epoch 427...
DeepSdf - INFO - epoch 428...
DeepSdf - INFO - epoch 429...
DeepSdf - INFO - epoch 430...
DeepSdf - INFO - epoch 431...
DeepSdf - INFO - epoch 432...
DeepSdf - INFO - epoch 433...
DeepSdf - INFO - epoch 434...
DeepSdf - INFO - epoch 435...
DeepSdf - INFO - epoch 436...
DeepSdf - INFO - epoch 437...
DeepSdf - INFO - epoch 438...
DeepSdf - INFO - epoch 439...
DeepSdf - INFO - epoch 440...
DeepSdf - INFO - epoch 441...
DeepSdf - INFO - epoch 442...
DeepSdf - INFO - epoch 443...
DeepSdf - INFO - epoch 444...
DeepSdf - INFO - epoch 445...
DeepSdf - INFO - epoch 446...
DeepSdf - INFO - epoch 447...
DeepSdf - INFO - epoch 448...
DeepSdf - INFO - epoch 449...
DeepSdf - INFO - epoch 450...
DeepSdf - INFO - epoch 451...
DeepSdf - INFO - epoch 452...
DeepSdf - INFO - epoch 453...
DeepSdf - INFO - epoch 454...
DeepSdf - INFO - epoch 455...
DeepSdf - INFO - epoch 456...
DeepSdf - INFO - epoch 457...
DeepSdf - INFO - epoch 458...
DeepSdf - INFO - epoch 459...
DeepSdf - INFO - epoch 460...
DeepSdf - INFO - epoch 461...
DeepSdf - INFO - epoch 462...
DeepSdf - INFO - epoch 463...
DeepSdf - INFO - epoch 464...
DeepSdf - INFO - epoch 465...
DeepSdf - INFO - epoch 466...
DeepSdf - INFO - epoch 467...
DeepSdf - INFO - epoch 468...
DeepSdf - INFO - epoch 469...
DeepSdf - INFO - epoch 470...
DeepSdf - INFO - epoch 471...
DeepSdf - INFO - epoch 472...
DeepSdf - INFO - epoch 473...
DeepSdf - INFO - epoch 474...
DeepSdf - INFO - epoch 475...
DeepSdf - INFO - epoch 476...
DeepSdf - INFO - epoch 477...
DeepSdf - INFO - epoch 478...
DeepSdf - INFO - epoch 479...
DeepSdf - INFO - epoch 480...
DeepSdf - INFO - epoch 481...
DeepSdf - INFO - epoch 482...
DeepSdf - INFO - epoch 483...
DeepSdf - INFO - epoch 484...
DeepSdf - INFO - epoch 485...
DeepSdf - INFO - epoch 486...
DeepSdf - INFO - epoch 487...
DeepSdf - INFO - epoch 488...
DeepSdf - INFO - epoch 489...
DeepSdf - INFO - epoch 490...
DeepSdf - INFO - epoch 491...
DeepSdf - INFO - epoch 492...
DeepSdf - INFO - epoch 493...
DeepSdf - INFO - epoch 494...
DeepSdf - INFO - epoch 495...
DeepSdf - INFO - epoch 496...
DeepSdf - INFO - epoch 497...
DeepSdf - INFO - epoch 498...
DeepSdf - INFO - epoch 499...
DeepSdf - INFO - epoch 500...
DeepSdf - INFO - epoch 501...
DeepSdf - INFO - epoch 502...
DeepSdf - INFO - epoch 503...
DeepSdf - INFO - epoch 504...
DeepSdf - INFO - epoch 505...
DeepSdf - INFO - epoch 506...
DeepSdf - INFO - epoch 507...
DeepSdf - INFO - epoch 508...
DeepSdf - INFO - epoch 509...
DeepSdf - INFO - epoch 510...
DeepSdf - INFO - epoch 511...
DeepSdf - INFO - epoch 512...
DeepSdf - INFO - epoch 513...
DeepSdf - INFO - epoch 514...
DeepSdf - INFO - epoch 515...
DeepSdf - INFO - epoch 516...
DeepSdf - INFO - epoch 517...
DeepSdf - INFO - epoch 518...
DeepSdf - INFO - epoch 519...
DeepSdf - INFO - epoch 520...
DeepSdf - INFO - epoch 521...
DeepSdf - INFO - epoch 522...
DeepSdf - INFO - epoch 523...
DeepSdf - INFO - epoch 524...
DeepSdf - INFO - epoch 525...
DeepSdf - INFO - epoch 526...
DeepSdf - INFO - epoch 527...
DeepSdf - INFO - epoch 528...
DeepSdf - INFO - epoch 529...
DeepSdf - INFO - epoch 530...
DeepSdf - INFO - epoch 531...
DeepSdf - INFO - epoch 532...
DeepSdf - INFO - epoch 533...
DeepSdf - INFO - epoch 534...
DeepSdf - INFO - epoch 535...
DeepSdf - INFO - epoch 536...
DeepSdf - INFO - epoch 537...
DeepSdf - INFO - epoch 538...
DeepSdf - INFO - epoch 539...
DeepSdf - INFO - epoch 540...
DeepSdf - INFO - epoch 541...
DeepSdf - INFO - epoch 542...
DeepSdf - INFO - epoch 543...
DeepSdf - INFO - epoch 544...
DeepSdf - INFO - epoch 545...
DeepSdf - INFO - epoch 546...
DeepSdf - INFO - epoch 547...
DeepSdf - INFO - epoch 548...
DeepSdf - INFO - epoch 549...
DeepSdf - INFO - epoch 550...
DeepSdf - INFO - epoch 551...
DeepSdf - INFO - epoch 552...
DeepSdf - INFO - epoch 553...
DeepSdf - INFO - epoch 554...
DeepSdf - INFO - epoch 555...
DeepSdf - INFO - epoch 556...
DeepSdf - INFO - epoch 557...
DeepSdf - INFO - epoch 558...
DeepSdf - INFO - epoch 559...
DeepSdf - INFO - epoch 560...
DeepSdf - INFO - epoch 561...
DeepSdf - INFO - epoch 562...
DeepSdf - INFO - epoch 563...
DeepSdf - INFO - epoch 564...
DeepSdf - INFO - epoch 565...
DeepSdf - INFO - epoch 566...
DeepSdf - INFO - epoch 567...
DeepSdf - INFO - epoch 568...
DeepSdf - INFO - epoch 569...
DeepSdf - INFO - epoch 570...
DeepSdf - INFO - epoch 571...
DeepSdf - INFO - epoch 572...
DeepSdf - INFO - epoch 573...
DeepSdf - INFO - epoch 574...
DeepSdf - INFO - epoch 575...
DeepSdf - INFO - epoch 576...
DeepSdf - INFO - epoch 577...
DeepSdf - INFO - epoch 578...
DeepSdf - INFO - epoch 579...
DeepSdf - INFO - epoch 580...
DeepSdf - INFO - epoch 581...
DeepSdf - INFO - epoch 582...
DeepSdf - INFO - epoch 583...
DeepSdf - INFO - epoch 584...
DeepSdf - INFO - epoch 585...
DeepSdf - INFO - epoch 586...
DeepSdf - INFO - epoch 587...
DeepSdf - INFO - epoch 588...
DeepSdf - INFO - epoch 589...
DeepSdf - INFO - epoch 590...
DeepSdf - INFO - epoch 591...
DeepSdf - INFO - epoch 592...
DeepSdf - INFO - epoch 593...
DeepSdf - INFO - epoch 594...
DeepSdf - INFO - epoch 595...
DeepSdf - INFO - epoch 596...
DeepSdf - INFO - epoch 597...
DeepSdf - INFO - epoch 598...
DeepSdf - INFO - epoch 599...
DeepSdf - INFO - epoch 600...
DeepSdf - INFO - epoch 601...
DeepSdf - INFO - epoch 602...
DeepSdf - INFO - epoch 603...
DeepSdf - INFO - epoch 604...
DeepSdf - INFO - epoch 605...
DeepSdf - INFO - epoch 606...
DeepSdf - INFO - epoch 607...
DeepSdf - INFO - epoch 608...
DeepSdf - INFO - epoch 609...
DeepSdf - INFO - epoch 610...
DeepSdf - INFO - epoch 611...
DeepSdf - INFO - epoch 612...
DeepSdf - INFO - epoch 613...
DeepSdf - INFO - epoch 614...
DeepSdf - INFO - epoch 615...
DeepSdf - INFO - epoch 616...
DeepSdf - INFO - epoch 617...
DeepSdf - INFO - epoch 618...
DeepSdf - INFO - epoch 619...
DeepSdf - INFO - epoch 620...
DeepSdf - INFO - epoch 621...
DeepSdf - INFO - epoch 622...
DeepSdf - INFO - epoch 623...
DeepSdf - INFO - epoch 624...
DeepSdf - INFO - epoch 625...
DeepSdf - INFO - epoch 626...
DeepSdf - INFO - epoch 627...
DeepSdf - INFO - epoch 628...
DeepSdf - INFO - epoch 629...
DeepSdf - INFO - epoch 630...
DeepSdf - INFO - epoch 631...
DeepSdf - INFO - epoch 632...
DeepSdf - INFO - epoch 633...
DeepSdf - INFO - epoch 634...
DeepSdf - INFO - epoch 635...
DeepSdf - INFO - epoch 636...
DeepSdf - INFO - epoch 637...
DeepSdf - INFO - epoch 638...
DeepSdf - INFO - epoch 639...
DeepSdf - INFO - epoch 640...
DeepSdf - INFO - epoch 641...
DeepSdf - INFO - epoch 642...
DeepSdf - INFO - epoch 643...
DeepSdf - INFO - epoch 644...
DeepSdf - INFO - epoch 645...
DeepSdf - INFO - epoch 646...
DeepSdf - INFO - epoch 647...
DeepSdf - INFO - epoch 648...
DeepSdf - INFO - epoch 649...
DeepSdf - INFO - epoch 650...
DeepSdf - INFO - epoch 651...
DeepSdf - INFO - epoch 652...
DeepSdf - INFO - epoch 653...
DeepSdf - INFO - epoch 654...
DeepSdf - INFO - epoch 655...
DeepSdf - INFO - epoch 656...
DeepSdf - INFO - epoch 657...
DeepSdf - INFO - epoch 658...
DeepSdf - INFO - epoch 659...
DeepSdf - INFO - epoch 660...
DeepSdf - INFO - epoch 661...
DeepSdf - INFO - epoch 662...
DeepSdf - INFO - epoch 663...
DeepSdf - INFO - epoch 664...
DeepSdf - INFO - epoch 665...
DeepSdf - INFO - epoch 666...
DeepSdf - INFO - epoch 667...
DeepSdf - INFO - epoch 668...
DeepSdf - INFO - epoch 669...
DeepSdf - INFO - epoch 670...
DeepSdf - INFO - epoch 671...
DeepSdf - INFO - epoch 672...
DeepSdf - INFO - epoch 673...
DeepSdf - INFO - epoch 674...
DeepSdf - INFO - epoch 675...
DeepSdf - INFO - epoch 676...
DeepSdf - INFO - epoch 677...
DeepSdf - INFO - epoch 678...
DeepSdf - INFO - epoch 679...
DeepSdf - INFO - epoch 680...
DeepSdf - INFO - epoch 681...
DeepSdf - INFO - epoch 682...
DeepSdf - INFO - epoch 683...
DeepSdf - INFO - epoch 684...
DeepSdf - INFO - epoch 685...
DeepSdf - INFO - epoch 686...
DeepSdf - INFO - epoch 687...
DeepSdf - INFO - epoch 688...
DeepSdf - INFO - epoch 689...
DeepSdf - INFO - epoch 690...
DeepSdf - INFO - epoch 691...
DeepSdf - INFO - epoch 692...
DeepSdf - INFO - epoch 693...
DeepSdf - INFO - epoch 694...
DeepSdf - INFO - epoch 695...
DeepSdf - INFO - epoch 696...
DeepSdf - INFO - epoch 697...
DeepSdf - INFO - epoch 698...
DeepSdf - INFO - epoch 699...
DeepSdf - INFO - epoch 700...
DeepSdf - INFO - epoch 701...
DeepSdf - INFO - epoch 702...
DeepSdf - INFO - epoch 703...
DeepSdf - INFO - epoch 704...
DeepSdf - INFO - epoch 705...
DeepSdf - INFO - epoch 706...
DeepSdf - INFO - epoch 707...
DeepSdf - INFO - epoch 708...
DeepSdf - INFO - epoch 709...
DeepSdf - INFO - epoch 710...
DeepSdf - INFO - epoch 711...
DeepSdf - INFO - epoch 712...
DeepSdf - INFO - epoch 713...
DeepSdf - INFO - epoch 714...
DeepSdf - INFO - epoch 715...
DeepSdf - INFO - epoch 716...
DeepSdf - INFO - epoch 717...
DeepSdf - INFO - epoch 718...
DeepSdf - INFO - epoch 719...
DeepSdf - INFO - epoch 720...
DeepSdf - INFO - epoch 721...
DeepSdf - INFO - epoch 722...
DeepSdf - INFO - epoch 723...
DeepSdf - INFO - epoch 724...
DeepSdf - INFO - epoch 725...
DeepSdf - INFO - epoch 726...
DeepSdf - INFO - epoch 727...
DeepSdf - INFO - epoch 728...
DeepSdf - INFO - epoch 729...
DeepSdf - INFO - epoch 730...
DeepSdf - INFO - epoch 731...
DeepSdf - INFO - epoch 732...
DeepSdf - INFO - epoch 733...
DeepSdf - INFO - epoch 734...
DeepSdf - INFO - epoch 735...
DeepSdf - INFO - epoch 736...
DeepSdf - INFO - epoch 737...
DeepSdf - INFO - epoch 738...
DeepSdf - INFO - epoch 739...
DeepSdf - INFO - epoch 740...
DeepSdf - INFO - epoch 741...
DeepSdf - INFO - epoch 742...
DeepSdf - INFO - epoch 743...
DeepSdf - INFO - epoch 744...
DeepSdf - INFO - epoch 745...
DeepSdf - INFO - epoch 746...
DeepSdf - INFO - epoch 747...
DeepSdf - INFO - epoch 748...
DeepSdf - INFO - epoch 749...
DeepSdf - INFO - epoch 750...
DeepSdf - INFO - epoch 751...
DeepSdf - INFO - epoch 752...
DeepSdf - INFO - epoch 753...
DeepSdf - INFO - epoch 754...
DeepSdf - INFO - epoch 755...
DeepSdf - INFO - epoch 756...
DeepSdf - INFO - epoch 757...
DeepSdf - INFO - epoch 758...
DeepSdf - INFO - epoch 759...
DeepSdf - INFO - epoch 760...
DeepSdf - INFO - epoch 761...
DeepSdf - INFO - epoch 762...
DeepSdf - INFO - epoch 763...
DeepSdf - INFO - epoch 764...
DeepSdf - INFO - epoch 765...
DeepSdf - INFO - epoch 766...
DeepSdf - INFO - epoch 767...
DeepSdf - INFO - epoch 768...
DeepSdf - INFO - epoch 769...
DeepSdf - INFO - epoch 770...
DeepSdf - INFO - epoch 771...
DeepSdf - INFO - epoch 772...
DeepSdf - INFO - epoch 773...
DeepSdf - INFO - epoch 774...
DeepSdf - INFO - epoch 775...
DeepSdf - INFO - epoch 776...
DeepSdf - INFO - epoch 777...
DeepSdf - INFO - epoch 778...
DeepSdf - INFO - epoch 779...
DeepSdf - INFO - epoch 780...
DeepSdf - INFO - epoch 781...
DeepSdf - INFO - epoch 782...
DeepSdf - INFO - epoch 783...
DeepSdf - INFO - epoch 784...
DeepSdf - INFO - epoch 785...
DeepSdf - INFO - epoch 786...
DeepSdf - INFO - epoch 787...
DeepSdf - INFO - epoch 788...
DeepSdf - INFO - epoch 789...
DeepSdf - INFO - epoch 790...
DeepSdf - INFO - epoch 791...
DeepSdf - INFO - epoch 792...
DeepSdf - INFO - epoch 793...
DeepSdf - INFO - epoch 794...
DeepSdf - INFO - epoch 795...
DeepSdf - INFO - epoch 796...
DeepSdf - INFO - epoch 797...
DeepSdf - INFO - epoch 798...
DeepSdf - INFO - epoch 799...
DeepSdf - INFO - epoch 800...
DeepSdf - INFO - epoch 801...
DeepSdf - INFO - epoch 802...
DeepSdf - INFO - epoch 803...
DeepSdf - INFO - epoch 804...
DeepSdf - INFO - epoch 805...
DeepSdf - INFO - epoch 806...
DeepSdf - INFO - epoch 807...
DeepSdf - INFO - epoch 808...
DeepSdf - INFO - epoch 809...
DeepSdf - INFO - epoch 810...
DeepSdf - INFO - epoch 811...
DeepSdf - INFO - epoch 812...
DeepSdf - INFO - epoch 813...
DeepSdf - INFO - epoch 814...
DeepSdf - INFO - epoch 815...
DeepSdf - INFO - epoch 816...
DeepSdf - INFO - epoch 817...
DeepSdf - INFO - epoch 818...
DeepSdf - INFO - epoch 819...
DeepSdf - INFO - epoch 820...
DeepSdf - INFO - epoch 821...
DeepSdf - INFO - epoch 822...
DeepSdf - INFO - epoch 823...
DeepSdf - INFO - epoch 824...
DeepSdf - INFO - epoch 825...
DeepSdf - INFO - epoch 826...
DeepSdf - INFO - epoch 827...
DeepSdf - INFO - epoch 828...
DeepSdf - INFO - epoch 829...
DeepSdf - INFO - epoch 830...
DeepSdf - INFO - epoch 831...
DeepSdf - INFO - epoch 832...
DeepSdf - INFO - epoch 833...
DeepSdf - INFO - epoch 834...
DeepSdf - INFO - epoch 835...
DeepSdf - INFO - epoch 836...
DeepSdf - INFO - epoch 837...
DeepSdf - INFO - epoch 838...
DeepSdf - INFO - epoch 839...
DeepSdf - INFO - epoch 840...
DeepSdf - INFO - epoch 841...
DeepSdf - INFO - epoch 842...
DeepSdf - INFO - epoch 843...
DeepSdf - INFO - epoch 844...
DeepSdf - INFO - epoch 845...
DeepSdf - INFO - epoch 846...
DeepSdf - INFO - epoch 847...
DeepSdf - INFO - epoch 848...
DeepSdf - INFO - epoch 849...
DeepSdf - INFO - epoch 850...
DeepSdf - INFO - epoch 851...
DeepSdf - INFO - epoch 852...
DeepSdf - INFO - epoch 853...
DeepSdf - INFO - epoch 854...
DeepSdf - INFO - epoch 855...
DeepSdf - INFO - epoch 856...
DeepSdf - INFO - epoch 857...
DeepSdf - INFO - epoch 858...
DeepSdf - INFO - epoch 859...
DeepSdf - INFO - epoch 860...
DeepSdf - INFO - epoch 861...
DeepSdf - INFO - epoch 862...
DeepSdf - INFO - epoch 863...
DeepSdf - INFO - epoch 864...
DeepSdf - INFO - epoch 865...
DeepSdf - INFO - epoch 866...
DeepSdf - INFO - epoch 867...
DeepSdf - INFO - epoch 868...
DeepSdf - INFO - epoch 869...
DeepSdf - INFO - epoch 870...
DeepSdf - INFO - epoch 871...
DeepSdf - INFO - epoch 872...
DeepSdf - INFO - epoch 873...
DeepSdf - INFO - epoch 874...
DeepSdf - INFO - epoch 875...
DeepSdf - INFO - epoch 876...
DeepSdf - INFO - epoch 877...
DeepSdf - INFO - epoch 878...
DeepSdf - INFO - epoch 879...
DeepSdf - INFO - epoch 880...
DeepSdf - INFO - epoch 881...
DeepSdf - INFO - epoch 882...
DeepSdf - INFO - epoch 883...
DeepSdf - INFO - epoch 884...
DeepSdf - INFO - epoch 885...
DeepSdf - INFO - epoch 886...
DeepSdf - INFO - epoch 887...
DeepSdf - INFO - epoch 888...
DeepSdf - INFO - epoch 889...
DeepSdf - INFO - epoch 890...
DeepSdf - INFO - epoch 891...
DeepSdf - INFO - epoch 892...
DeepSdf - INFO - epoch 893...
DeepSdf - INFO - epoch 894...
DeepSdf - INFO - epoch 895...
DeepSdf - INFO - epoch 896...
DeepSdf - INFO - epoch 897...
DeepSdf - INFO - epoch 898...
DeepSdf - INFO - epoch 899...
DeepSdf - INFO - epoch 900...
DeepSdf - INFO - epoch 901...
DeepSdf - INFO - epoch 902...
DeepSdf - INFO - epoch 903...
DeepSdf - INFO - epoch 904...
DeepSdf - INFO - epoch 905...
DeepSdf - INFO - epoch 906...
DeepSdf - INFO - epoch 907...
DeepSdf - INFO - epoch 908...
DeepSdf - INFO - epoch 909...
DeepSdf - INFO - epoch 910...
DeepSdf - INFO - epoch 911...
DeepSdf - INFO - epoch 912...
DeepSdf - INFO - epoch 913...
DeepSdf - INFO - epoch 914...
DeepSdf - INFO - epoch 915...
DeepSdf - INFO - epoch 916...
DeepSdf - INFO - epoch 917...
DeepSdf - INFO - epoch 918...
DeepSdf - INFO - epoch 919...
DeepSdf - INFO - epoch 920...
DeepSdf - INFO - epoch 921...
DeepSdf - INFO - epoch 922...
DeepSdf - INFO - epoch 923...
DeepSdf - INFO - epoch 924...
DeepSdf - INFO - epoch 925...
DeepSdf - INFO - epoch 926...
DeepSdf - INFO - epoch 927...
DeepSdf - INFO - epoch 928...
DeepSdf - INFO - epoch 929...
DeepSdf - INFO - epoch 930...
DeepSdf - INFO - epoch 931...
DeepSdf - INFO - epoch 932...
DeepSdf - INFO - epoch 933...
DeepSdf - INFO - epoch 934...
DeepSdf - INFO - epoch 935...
DeepSdf - INFO - epoch 936...
DeepSdf - INFO - epoch 937...
DeepSdf - INFO - epoch 938...
DeepSdf - INFO - epoch 939...
DeepSdf - INFO - epoch 940...
DeepSdf - INFO - epoch 941...
DeepSdf - INFO - epoch 942...
DeepSdf - INFO - epoch 943...
DeepSdf - INFO - epoch 944...
DeepSdf - INFO - epoch 945...
DeepSdf - INFO - epoch 946...
DeepSdf - INFO - epoch 947...
DeepSdf - INFO - epoch 948...
DeepSdf - INFO - epoch 949...
DeepSdf - INFO - epoch 950...
DeepSdf - INFO - epoch 951...
DeepSdf - INFO - epoch 952...
DeepSdf - INFO - epoch 953...
DeepSdf - INFO - epoch 954...
DeepSdf - INFO - epoch 955...
DeepSdf - INFO - epoch 956...
DeepSdf - INFO - epoch 957...
DeepSdf - INFO - epoch 958...
DeepSdf - INFO - epoch 959...
DeepSdf - INFO - epoch 960...
DeepSdf - INFO - epoch 961...
DeepSdf - INFO - epoch 962...
DeepSdf - INFO - epoch 963...
DeepSdf - INFO - epoch 964...
DeepSdf - INFO - epoch 965...
DeepSdf - INFO - epoch 966...
DeepSdf - INFO - epoch 967...
DeepSdf - INFO - epoch 968...
DeepSdf - INFO - epoch 969...
DeepSdf - INFO - epoch 970...
DeepSdf - INFO - epoch 971...
DeepSdf - INFO - epoch 972...
DeepSdf - INFO - epoch 973...
DeepSdf - INFO - epoch 974...
DeepSdf - INFO - epoch 975...
DeepSdf - INFO - epoch 976...
DeepSdf - INFO - epoch 977...
DeepSdf - INFO - epoch 978...
DeepSdf - INFO - epoch 979...
DeepSdf - INFO - epoch 980...
DeepSdf - INFO - epoch 981...
DeepSdf - INFO - epoch 982...
DeepSdf - INFO - epoch 983...
DeepSdf - INFO - epoch 984...
DeepSdf - INFO - epoch 985...
DeepSdf - INFO - epoch 986...
DeepSdf - INFO - epoch 987...
DeepSdf - INFO - epoch 988...
DeepSdf - INFO - epoch 989...
DeepSdf - INFO - epoch 990...
DeepSdf - INFO - epoch 991...
DeepSdf - INFO - epoch 992...
DeepSdf - INFO - epoch 993...
DeepSdf - INFO - epoch 994...
DeepSdf - INFO - epoch 995...
DeepSdf - INFO - epoch 996...
DeepSdf - INFO - epoch 997...
DeepSdf - INFO - epoch 998...
DeepSdf - INFO - epoch 999...
DeepSdf - INFO - epoch 1000...
DeepSdf - INFO - epoch 1001...
DeepSdf - INFO - epoch 1002...
DeepSdf - INFO - epoch 1003...
DeepSdf - INFO - epoch 1004...
DeepSdf - INFO - epoch 1005...
DeepSdf - INFO - epoch 1006...
DeepSdf - INFO - epoch 1007...
DeepSdf - INFO - epoch 1008...
DeepSdf - INFO - epoch 1009...
DeepSdf - INFO - epoch 1010...
DeepSdf - INFO - epoch 1011...
DeepSdf - INFO - epoch 1012...
DeepSdf - INFO - epoch 1013...
DeepSdf - INFO - epoch 1014...
DeepSdf - INFO - epoch 1015...
DeepSdf - INFO - epoch 1016...
DeepSdf - INFO - epoch 1017...
DeepSdf - INFO - epoch 1018...
DeepSdf - INFO - epoch 1019...
DeepSdf - INFO - epoch 1020...
DeepSdf - INFO - epoch 1021...
DeepSdf - INFO - epoch 1022...
DeepSdf - INFO - epoch 1023...
DeepSdf - INFO - epoch 1024...
DeepSdf - INFO - epoch 1025...
DeepSdf - INFO - epoch 1026...
DeepSdf - INFO - epoch 1027...
DeepSdf - INFO - epoch 1028...
DeepSdf - INFO - epoch 1029...
DeepSdf - INFO - epoch 1030...
DeepSdf - INFO - epoch 1031...
DeepSdf - INFO - epoch 1032...
DeepSdf - INFO - epoch 1033...
DeepSdf - INFO - epoch 1034...
DeepSdf - INFO - epoch 1035...
DeepSdf - INFO - epoch 1036...
DeepSdf - INFO - epoch 1037...
DeepSdf - INFO - epoch 1038...
DeepSdf - INFO - epoch 1039...
DeepSdf - INFO - epoch 1040...
DeepSdf - INFO - epoch 1041...
DeepSdf - INFO - epoch 1042...
DeepSdf - INFO - epoch 1043...
DeepSdf - INFO - epoch 1044...
DeepSdf - INFO - epoch 1045...
DeepSdf - INFO - epoch 1046...
DeepSdf - INFO - epoch 1047...
DeepSdf - INFO - epoch 1048...
DeepSdf - INFO - epoch 1049...
DeepSdf - INFO - epoch 1050...
DeepSdf - INFO - epoch 1051...
DeepSdf - INFO - epoch 1052...
DeepSdf - INFO - epoch 1053...
DeepSdf - INFO - epoch 1054...
DeepSdf - INFO - epoch 1055...
DeepSdf - INFO - epoch 1056...
DeepSdf - INFO - epoch 1057...
DeepSdf - INFO - epoch 1058...
DeepSdf - INFO - epoch 1059...
DeepSdf - INFO - epoch 1060...
DeepSdf - INFO - epoch 1061...
DeepSdf - INFO - epoch 1062...
DeepSdf - INFO - epoch 1063...
DeepSdf - INFO - epoch 1064...
DeepSdf - INFO - epoch 1065...
DeepSdf - INFO - epoch 1066...
DeepSdf - INFO - epoch 1067...
DeepSdf - INFO - epoch 1068...
DeepSdf - INFO - epoch 1069...
DeepSdf - INFO - epoch 1070...
DeepSdf - INFO - epoch 1071...
DeepSdf - INFO - epoch 1072...
DeepSdf - INFO - epoch 1073...
DeepSdf - INFO - epoch 1074...
DeepSdf - INFO - epoch 1075...
DeepSdf - INFO - epoch 1076...
DeepSdf - INFO - epoch 1077...
DeepSdf - INFO - epoch 1078...
DeepSdf - INFO - epoch 1079...
DeepSdf - INFO - epoch 1080...
DeepSdf - INFO - epoch 1081...
DeepSdf - INFO - epoch 1082...
DeepSdf - INFO - epoch 1083...
DeepSdf - INFO - epoch 1084...
DeepSdf - INFO - epoch 1085...
DeepSdf - INFO - epoch 1086...
DeepSdf - INFO - epoch 1087...
DeepSdf - INFO - epoch 1088...
DeepSdf - INFO - epoch 1089...
DeepSdf - INFO - epoch 1090...
DeepSdf - INFO - epoch 1091...
DeepSdf - INFO - epoch 1092...
DeepSdf - INFO - epoch 1093...
DeepSdf - INFO - epoch 1094...
DeepSdf - INFO - epoch 1095...
DeepSdf - INFO - epoch 1096...
DeepSdf - INFO - epoch 1097...
DeepSdf - INFO - epoch 1098...
DeepSdf - INFO - epoch 1099...
DeepSdf - INFO - epoch 1100...
DeepSdf - INFO - epoch 1101...
DeepSdf - INFO - epoch 1102...
DeepSdf - INFO - epoch 1103...
DeepSdf - INFO - epoch 1104...
DeepSdf - INFO - epoch 1105...
DeepSdf - INFO - epoch 1106...
DeepSdf - INFO - epoch 1107...
DeepSdf - INFO - epoch 1108...
DeepSdf - INFO - epoch 1109...
DeepSdf - INFO - epoch 1110...
DeepSdf - INFO - epoch 1111...
DeepSdf - INFO - epoch 1112...
DeepSdf - INFO - epoch 1113...
DeepSdf - INFO - epoch 1114...
DeepSdf - INFO - epoch 1115...
DeepSdf - INFO - epoch 1116...
DeepSdf - INFO - epoch 1117...
DeepSdf - INFO - epoch 1118...
DeepSdf - INFO - epoch 1119...
DeepSdf - INFO - epoch 1120...
DeepSdf - INFO - epoch 1121...
DeepSdf - INFO - epoch 1122...
DeepSdf - INFO - epoch 1123...
DeepSdf - INFO - epoch 1124...
DeepSdf - INFO - epoch 1125...
DeepSdf - INFO - epoch 1126...
DeepSdf - INFO - epoch 1127...
DeepSdf - INFO - epoch 1128...
DeepSdf - INFO - epoch 1129...
DeepSdf - INFO - epoch 1130...
DeepSdf - INFO - epoch 1131...
DeepSdf - INFO - epoch 1132...
DeepSdf - INFO - epoch 1133...
DeepSdf - INFO - epoch 1134...
DeepSdf - INFO - epoch 1135...
DeepSdf - INFO - epoch 1136...
DeepSdf - INFO - epoch 1137...
DeepSdf - INFO - epoch 1138...
DeepSdf - INFO - epoch 1139...
DeepSdf - INFO - epoch 1140...
DeepSdf - INFO - epoch 1141...
DeepSdf - INFO - epoch 1142...
DeepSdf - INFO - epoch 1143...
DeepSdf - INFO - epoch 1144...
DeepSdf - INFO - epoch 1145...
DeepSdf - INFO - epoch 1146...
DeepSdf - INFO - epoch 1147...
DeepSdf - INFO - epoch 1148...
DeepSdf - INFO - epoch 1149...
DeepSdf - INFO - epoch 1150...
DeepSdf - INFO - epoch 1151...
DeepSdf - INFO - epoch 1152...
DeepSdf - INFO - epoch 1153...
DeepSdf - INFO - epoch 1154...
DeepSdf - INFO - epoch 1155...
DeepSdf - INFO - epoch 1156...
DeepSdf - INFO - epoch 1157...
DeepSdf - INFO - epoch 1158...
DeepSdf - INFO - epoch 1159...
DeepSdf - INFO - epoch 1160...
DeepSdf - INFO - epoch 1161...
DeepSdf - INFO - epoch 1162...
DeepSdf - INFO - epoch 1163...
DeepSdf - INFO - epoch 1164...
DeepSdf - INFO - epoch 1165...
DeepSdf - INFO - epoch 1166...
DeepSdf - INFO - epoch 1167...
DeepSdf - INFO - epoch 1168...
DeepSdf - INFO - epoch 1169...
DeepSdf - INFO - epoch 1170...
DeepSdf - INFO - epoch 1171...
DeepSdf - INFO - epoch 1172...
DeepSdf - INFO - epoch 1173...
DeepSdf - INFO - epoch 1174...
DeepSdf - INFO - epoch 1175...
DeepSdf - INFO - epoch 1176...
DeepSdf - INFO - epoch 1177...
DeepSdf - INFO - epoch 1178...
DeepSdf - INFO - epoch 1179...
DeepSdf - INFO - epoch 1180...
DeepSdf - INFO - epoch 1181...
DeepSdf - INFO - epoch 1182...
DeepSdf - INFO - epoch 1183...
DeepSdf - INFO - epoch 1184...
DeepSdf - INFO - epoch 1185...
DeepSdf - INFO - epoch 1186...
DeepSdf - INFO - epoch 1187...
DeepSdf - INFO - epoch 1188...
DeepSdf - INFO - epoch 1189...
DeepSdf - INFO - epoch 1190...
DeepSdf - INFO - epoch 1191...
DeepSdf - INFO - epoch 1192...
DeepSdf - INFO - epoch 1193...
DeepSdf - INFO - epoch 1194...
DeepSdf - INFO - epoch 1195...
DeepSdf - INFO - epoch 1196...
DeepSdf - INFO - epoch 1197...
DeepSdf - INFO - epoch 1198...
DeepSdf - INFO - epoch 1199...
DeepSdf - INFO - epoch 1200...
DeepSdf - INFO - epoch 1201...
DeepSdf - INFO - epoch 1202...
DeepSdf - INFO - epoch 1203...
DeepSdf - INFO - epoch 1204...
DeepSdf - INFO - epoch 1205...
DeepSdf - INFO - epoch 1206...
DeepSdf - INFO - epoch 1207...
DeepSdf - INFO - epoch 1208...
DeepSdf - INFO - epoch 1209...
DeepSdf - INFO - epoch 1210...
DeepSdf - INFO - epoch 1211...
DeepSdf - INFO - epoch 1212...
DeepSdf - INFO - epoch 1213...
DeepSdf - INFO - epoch 1214...
DeepSdf - INFO - epoch 1215...
DeepSdf - INFO - epoch 1216...
DeepSdf - INFO - epoch 1217...
DeepSdf - INFO - epoch 1218...
DeepSdf - INFO - epoch 1219...
DeepSdf - INFO - epoch 1220...
DeepSdf - INFO - epoch 1221...
DeepSdf - INFO - epoch 1222...
DeepSdf - INFO - epoch 1223...
DeepSdf - INFO - epoch 1224...
DeepSdf - INFO - epoch 1225...
DeepSdf - INFO - epoch 1226...
DeepSdf - INFO - epoch 1227...
DeepSdf - INFO - epoch 1228...
DeepSdf - INFO - epoch 1229...
DeepSdf - INFO - epoch 1230...
DeepSdf - INFO - epoch 1231...
DeepSdf - INFO - epoch 1232...
DeepSdf - INFO - epoch 1233...
DeepSdf - INFO - epoch 1234...
DeepSdf - INFO - epoch 1235...
DeepSdf - INFO - epoch 1236...
DeepSdf - INFO - epoch 1237...
DeepSdf - INFO - epoch 1238...
DeepSdf - INFO - epoch 1239...
DeepSdf - INFO - epoch 1240...
DeepSdf - INFO - epoch 1241...
DeepSdf - INFO - epoch 1242...
DeepSdf - INFO - epoch 1243...
DeepSdf - INFO - epoch 1244...
DeepSdf - INFO - epoch 1245...
DeepSdf - INFO - epoch 1246...
DeepSdf - INFO - epoch 1247...
DeepSdf - INFO - epoch 1248...
DeepSdf - INFO - epoch 1249...
DeepSdf - INFO - epoch 1250...
DeepSdf - INFO - epoch 1251...
DeepSdf - INFO - epoch 1252...
DeepSdf - INFO - epoch 1253...
DeepSdf - INFO - epoch 1254...
DeepSdf - INFO - epoch 1255...
DeepSdf - INFO - epoch 1256...
DeepSdf - INFO - epoch 1257...
DeepSdf - INFO - epoch 1258...
DeepSdf - INFO - epoch 1259...
DeepSdf - INFO - epoch 1260...
DeepSdf - INFO - epoch 1261...
DeepSdf - INFO - epoch 1262...
DeepSdf - INFO - epoch 1263...
DeepSdf - INFO - epoch 1264...
DeepSdf - INFO - epoch 1265...
DeepSdf - INFO - epoch 1266...
DeepSdf - INFO - epoch 1267...
DeepSdf - INFO - epoch 1268...
DeepSdf - INFO - epoch 1269...
DeepSdf - INFO - epoch 1270...
DeepSdf - INFO - epoch 1271...
DeepSdf - INFO - epoch 1272...
DeepSdf - INFO - epoch 1273...
DeepSdf - INFO - epoch 1274...
DeepSdf - INFO - epoch 1275...
DeepSdf - INFO - epoch 1276...
DeepSdf - INFO - epoch 1277...
DeepSdf - INFO - epoch 1278...
DeepSdf - INFO - epoch 1279...
DeepSdf - INFO - epoch 1280...
DeepSdf - INFO - epoch 1281...
DeepSdf - INFO - epoch 1282...
DeepSdf - INFO - epoch 1283...
DeepSdf - INFO - epoch 1284...
DeepSdf - INFO - epoch 1285...
DeepSdf - INFO - epoch 1286...
DeepSdf - INFO - epoch 1287...
DeepSdf - INFO - epoch 1288...
DeepSdf - INFO - epoch 1289...
DeepSdf - INFO - epoch 1290...
DeepSdf - INFO - epoch 1291...
DeepSdf - INFO - epoch 1292...
DeepSdf - INFO - epoch 1293...
DeepSdf - INFO - epoch 1294...
DeepSdf - INFO - epoch 1295...
DeepSdf - INFO - epoch 1296...
DeepSdf - INFO - epoch 1297...
DeepSdf - INFO - epoch 1298...
DeepSdf - INFO - epoch 1299...
DeepSdf - INFO - epoch 1300...
DeepSdf - INFO - epoch 1301...
DeepSdf - INFO - epoch 1302...
DeepSdf - INFO - epoch 1303...
DeepSdf - INFO - epoch 1304...
DeepSdf - INFO - epoch 1305...
DeepSdf - INFO - epoch 1306...
DeepSdf - INFO - epoch 1307...
DeepSdf - INFO - epoch 1308...
DeepSdf - INFO - epoch 1309...
DeepSdf - INFO - epoch 1310...
DeepSdf - INFO - epoch 1311...
DeepSdf - INFO - epoch 1312...
DeepSdf - INFO - epoch 1313...
DeepSdf - INFO - epoch 1314...
DeepSdf - INFO - epoch 1315...
DeepSdf - INFO - epoch 1316...
DeepSdf - INFO - epoch 1317...
DeepSdf - INFO - epoch 1318...
DeepSdf - INFO - epoch 1319...
DeepSdf - INFO - epoch 1320...
DeepSdf - INFO - epoch 1321...
DeepSdf - INFO - epoch 1322...
DeepSdf - INFO - epoch 1323...
DeepSdf - INFO - epoch 1324...
DeepSdf - INFO - epoch 1325...
DeepSdf - INFO - epoch 1326...
DeepSdf - INFO - epoch 1327...
DeepSdf - INFO - epoch 1328...
DeepSdf - INFO - epoch 1329...
DeepSdf - INFO - epoch 1330...
DeepSdf - INFO - epoch 1331...
DeepSdf - INFO - epoch 1332...
DeepSdf - INFO - epoch 1333...
DeepSdf - INFO - epoch 1334...
DeepSdf - INFO - epoch 1335...
DeepSdf - INFO - epoch 1336...
DeepSdf - INFO - epoch 1337...
DeepSdf - INFO - epoch 1338...
DeepSdf - INFO - epoch 1339...
DeepSdf - INFO - epoch 1340...
DeepSdf - INFO - epoch 1341...
DeepSdf - INFO - epoch 1342...
DeepSdf - INFO - epoch 1343...
DeepSdf - INFO - epoch 1344...
DeepSdf - INFO - epoch 1345...
DeepSdf - INFO - epoch 1346...
DeepSdf - INFO - epoch 1347...
DeepSdf - INFO - epoch 1348...
DeepSdf - INFO - epoch 1349...
DeepSdf - INFO - epoch 1350...
DeepSdf - INFO - epoch 1351...
DeepSdf - INFO - epoch 1352...
DeepSdf - INFO - epoch 1353...
DeepSdf - INFO - epoch 1354...
DeepSdf - INFO - epoch 1355...
DeepSdf - INFO - epoch 1356...
DeepSdf - INFO - epoch 1357...
DeepSdf - INFO - epoch 1358...
DeepSdf - INFO - epoch 1359...
DeepSdf - INFO - epoch 1360...
DeepSdf - INFO - epoch 1361...
DeepSdf - INFO - epoch 1362...
DeepSdf - INFO - epoch 1363...
DeepSdf - INFO - epoch 1364...
DeepSdf - INFO - epoch 1365...
DeepSdf - INFO - epoch 1366...
DeepSdf - INFO - epoch 1367...
DeepSdf - INFO - epoch 1368...
DeepSdf - INFO - epoch 1369...
DeepSdf - INFO - epoch 1370...
DeepSdf - INFO - epoch 1371...
DeepSdf - INFO - epoch 1372...
DeepSdf - INFO - epoch 1373...
DeepSdf - INFO - epoch 1374...
DeepSdf - INFO - epoch 1375...
DeepSdf - INFO - epoch 1376...
DeepSdf - INFO - epoch 1377...
DeepSdf - INFO - epoch 1378...
DeepSdf - INFO - epoch 1379...
DeepSdf - INFO - epoch 1380...
DeepSdf - INFO - epoch 1381...
DeepSdf - INFO - epoch 1382...
DeepSdf - INFO - epoch 1383...
DeepSdf - INFO - epoch 1384...
DeepSdf - INFO - epoch 1385...
DeepSdf - INFO - epoch 1386...
DeepSdf - INFO - epoch 1387...
DeepSdf - INFO - epoch 1388...
DeepSdf - INFO - epoch 1389...
DeepSdf - INFO - epoch 1390...
DeepSdf - INFO - epoch 1391...
DeepSdf - INFO - epoch 1392...
DeepSdf - INFO - epoch 1393...
DeepSdf - INFO - epoch 1394...
DeepSdf - INFO - epoch 1395...
DeepSdf - INFO - epoch 1396...
DeepSdf - INFO - epoch 1397...
DeepSdf - INFO - epoch 1398...
DeepSdf - INFO - epoch 1399...
DeepSdf - INFO - epoch 1400...
DeepSdf - INFO - epoch 1401...
DeepSdf - INFO - epoch 1402...
DeepSdf - INFO - epoch 1403...
DeepSdf - INFO - epoch 1404...
DeepSdf - INFO - epoch 1405...
DeepSdf - INFO - epoch 1406...
DeepSdf - INFO - epoch 1407...
DeepSdf - INFO - epoch 1408...
DeepSdf - INFO - epoch 1409...
DeepSdf - INFO - epoch 1410...
DeepSdf - INFO - epoch 1411...
DeepSdf - INFO - epoch 1412...
DeepSdf - INFO - epoch 1413...
DeepSdf - INFO - epoch 1414...
DeepSdf - INFO - epoch 1415...
DeepSdf - INFO - epoch 1416...
DeepSdf - INFO - epoch 1417...
DeepSdf - INFO - epoch 1418...
DeepSdf - INFO - epoch 1419...
DeepSdf - INFO - epoch 1420...
DeepSdf - INFO - epoch 1421...
DeepSdf - INFO - epoch 1422...
DeepSdf - INFO - epoch 1423...
DeepSdf - INFO - epoch 1424...
DeepSdf - INFO - epoch 1425...
DeepSdf - INFO - epoch 1426...
DeepSdf - INFO - epoch 1427...
DeepSdf - INFO - epoch 1428...
DeepSdf - INFO - epoch 1429...
DeepSdf - INFO - epoch 1430...
DeepSdf - INFO - epoch 1431...
DeepSdf - INFO - epoch 1432...
DeepSdf - INFO - epoch 1433...
DeepSdf - INFO - epoch 1434...
DeepSdf - INFO - epoch 1435...
DeepSdf - INFO - epoch 1436...
DeepSdf - INFO - epoch 1437...
DeepSdf - INFO - epoch 1438...
DeepSdf - INFO - epoch 1439...
DeepSdf - INFO - epoch 1440...
DeepSdf - INFO - epoch 1441...
DeepSdf - INFO - epoch 1442...
DeepSdf - INFO - epoch 1443...
DeepSdf - INFO - epoch 1444...
DeepSdf - INFO - epoch 1445...
DeepSdf - INFO - epoch 1446...
DeepSdf - INFO - epoch 1447...
DeepSdf - INFO - epoch 1448...
DeepSdf - INFO - epoch 1449...
DeepSdf - INFO - epoch 1450...
DeepSdf - INFO - epoch 1451...
DeepSdf - INFO - epoch 1452...
DeepSdf - INFO - epoch 1453...
DeepSdf - INFO - epoch 1454...
DeepSdf - INFO - epoch 1455...
DeepSdf - INFO - epoch 1456...
DeepSdf - INFO - epoch 1457...
DeepSdf - INFO - epoch 1458...
DeepSdf - INFO - epoch 1459...
DeepSdf - INFO - epoch 1460...
DeepSdf - INFO - epoch 1461...
DeepSdf - INFO - epoch 1462...
DeepSdf - INFO - epoch 1463...
DeepSdf - INFO - epoch 1464...
DeepSdf - INFO - epoch 1465...
DeepSdf - INFO - epoch 1466...
DeepSdf - INFO - epoch 1467...
DeepSdf - INFO - epoch 1468...
DeepSdf - INFO - epoch 1469...
DeepSdf - INFO - epoch 1470...
DeepSdf - INFO - epoch 1471...
DeepSdf - INFO - epoch 1472...
DeepSdf - INFO - epoch 1473...
DeepSdf - INFO - epoch 1474...
DeepSdf - INFO - epoch 1475...
DeepSdf - INFO - epoch 1476...
DeepSdf - INFO - epoch 1477...
DeepSdf - INFO - epoch 1478...
DeepSdf - INFO - epoch 1479...
DeepSdf - INFO - epoch 1480...
DeepSdf - INFO - epoch 1481...
DeepSdf - INFO - epoch 1482...
DeepSdf - INFO - epoch 1483...
DeepSdf - INFO - epoch 1484...
DeepSdf - INFO - epoch 1485...
DeepSdf - INFO - epoch 1486...
DeepSdf - INFO - epoch 1487...
DeepSdf - INFO - epoch 1488...
DeepSdf - INFO - epoch 1489...
DeepSdf - INFO - epoch 1490...
DeepSdf - INFO - epoch 1491...
DeepSdf - INFO - epoch 1492...
DeepSdf - INFO - epoch 1493...
DeepSdf - INFO - epoch 1494...
DeepSdf - INFO - epoch 1495...
DeepSdf - INFO - epoch 1496...
DeepSdf - INFO - epoch 1497...
DeepSdf - INFO - epoch 1498...
DeepSdf - INFO - epoch 1499...
DeepSdf - INFO - epoch 1500...
DeepSdf - INFO - epoch 1501...
DeepSdf - INFO - epoch 1502...
DeepSdf - INFO - epoch 1503...
DeepSdf - INFO - epoch 1504...
DeepSdf - INFO - epoch 1505...
DeepSdf - INFO - epoch 1506...
DeepSdf - INFO - epoch 1507...
DeepSdf - INFO - epoch 1508...
DeepSdf - INFO - epoch 1509...
DeepSdf - INFO - epoch 1510...
DeepSdf - INFO - epoch 1511...
DeepSdf - INFO - epoch 1512...
DeepSdf - INFO - epoch 1513...
DeepSdf - INFO - epoch 1514...
DeepSdf - INFO - epoch 1515...
DeepSdf - INFO - epoch 1516...
DeepSdf - INFO - epoch 1517...
DeepSdf - INFO - epoch 1518...
DeepSdf - INFO - epoch 1519...
DeepSdf - INFO - epoch 1520...
DeepSdf - INFO - epoch 1521...
DeepSdf - INFO - epoch 1522...
DeepSdf - INFO - epoch 1523...
DeepSdf - INFO - epoch 1524...
DeepSdf - INFO - epoch 1525...
DeepSdf - INFO - epoch 1526...
DeepSdf - INFO - epoch 1527...
DeepSdf - INFO - epoch 1528...
DeepSdf - INFO - epoch 1529...
DeepSdf - INFO - epoch 1530...
DeepSdf - INFO - epoch 1531...
DeepSdf - INFO - epoch 1532...
DeepSdf - INFO - epoch 1533...
DeepSdf - INFO - epoch 1534...
DeepSdf - INFO - epoch 1535...
DeepSdf - INFO - epoch 1536...
DeepSdf - INFO - epoch 1537...
DeepSdf - INFO - epoch 1538...
DeepSdf - INFO - epoch 1539...
DeepSdf - INFO - epoch 1540...
DeepSdf - INFO - epoch 1541...
DeepSdf - INFO - epoch 1542...
DeepSdf - INFO - epoch 1543...
DeepSdf - INFO - epoch 1544...
DeepSdf - INFO - epoch 1545...
DeepSdf - INFO - epoch 1546...
DeepSdf - INFO - epoch 1547...
DeepSdf - INFO - epoch 1548...
DeepSdf - INFO - epoch 1549...
DeepSdf - INFO - epoch 1550...
DeepSdf - INFO - epoch 1551...
DeepSdf - INFO - epoch 1552...
DeepSdf - INFO - epoch 1553...
DeepSdf - INFO - epoch 1554...
DeepSdf - INFO - epoch 1555...
DeepSdf - INFO - epoch 1556...
DeepSdf - INFO - epoch 1557...
DeepSdf - INFO - epoch 1558...
DeepSdf - INFO - epoch 1559...
DeepSdf - INFO - epoch 1560...
DeepSdf - INFO - epoch 1561...
DeepSdf - INFO - epoch 1562...
DeepSdf - INFO - epoch 1563...
DeepSdf - INFO - epoch 1564...
DeepSdf - INFO - epoch 1565...
DeepSdf - INFO - epoch 1566...
DeepSdf - INFO - epoch 1567...
DeepSdf - INFO - epoch 1568...
DeepSdf - INFO - epoch 1569...
DeepSdf - INFO - epoch 1570...
DeepSdf - INFO - epoch 1571...
DeepSdf - INFO - epoch 1572...
DeepSdf - INFO - epoch 1573...
DeepSdf - INFO - epoch 1574...
DeepSdf - INFO - epoch 1575...
DeepSdf - INFO - epoch 1576...
DeepSdf - INFO - epoch 1577...
DeepSdf - INFO - epoch 1578...
DeepSdf - INFO - epoch 1579...
DeepSdf - INFO - epoch 1580...
DeepSdf - INFO - epoch 1581...
DeepSdf - INFO - epoch 1582...
DeepSdf - INFO - epoch 1583...
DeepSdf - INFO - epoch 1584...
DeepSdf - INFO - epoch 1585...
DeepSdf - INFO - epoch 1586...
DeepSdf - INFO - epoch 1587...
DeepSdf - INFO - epoch 1588...
DeepSdf - INFO - epoch 1589...
DeepSdf - INFO - epoch 1590...
DeepSdf - INFO - epoch 1591...
DeepSdf - INFO - epoch 1592...
DeepSdf - INFO - epoch 1593...
DeepSdf - INFO - epoch 1594...
DeepSdf - INFO - epoch 1595...
DeepSdf - INFO - epoch 1596...
DeepSdf - INFO - epoch 1597...
DeepSdf - INFO - epoch 1598...
DeepSdf - INFO - epoch 1599...
DeepSdf - INFO - epoch 1600...
DeepSdf - INFO - epoch 1601...
DeepSdf - INFO - epoch 1602...
DeepSdf - INFO - epoch 1603...
DeepSdf - INFO - epoch 1604...
DeepSdf - INFO - epoch 1605...
DeepSdf - INFO - epoch 1606...
DeepSdf - INFO - epoch 1607...
DeepSdf - INFO - epoch 1608...
DeepSdf - INFO - epoch 1609...
DeepSdf - INFO - epoch 1610...
DeepSdf - INFO - epoch 1611...
DeepSdf - INFO - epoch 1612...
DeepSdf - INFO - epoch 1613...
DeepSdf - INFO - epoch 1614...
DeepSdf - INFO - epoch 1615...
DeepSdf - INFO - epoch 1616...
DeepSdf - INFO - epoch 1617...
DeepSdf - INFO - epoch 1618...
DeepSdf - INFO - epoch 1619...
DeepSdf - INFO - epoch 1620...
DeepSdf - INFO - epoch 1621...
DeepSdf - INFO - epoch 1622...
DeepSdf - INFO - epoch 1623...
DeepSdf - INFO - epoch 1624...
DeepSdf - INFO - epoch 1625...
DeepSdf - INFO - epoch 1626...
DeepSdf - INFO - epoch 1627...
DeepSdf - INFO - epoch 1628...
DeepSdf - INFO - epoch 1629...
DeepSdf - INFO - epoch 1630...
DeepSdf - INFO - epoch 1631...
DeepSdf - INFO - epoch 1632...
DeepSdf - INFO - epoch 1633...
DeepSdf - INFO - epoch 1634...
DeepSdf - INFO - epoch 1635...
DeepSdf - INFO - epoch 1636...
DeepSdf - INFO - epoch 1637...
DeepSdf - INFO - epoch 1638...
DeepSdf - INFO - epoch 1639...
DeepSdf - INFO - epoch 1640...
DeepSdf - INFO - epoch 1641...
DeepSdf - INFO - epoch 1642...
DeepSdf - INFO - epoch 1643...
DeepSdf - INFO - epoch 1644...
DeepSdf - INFO - epoch 1645...
DeepSdf - INFO - epoch 1646...
DeepSdf - INFO - epoch 1647...
DeepSdf - INFO - epoch 1648...
DeepSdf - INFO - epoch 1649...
DeepSdf - INFO - epoch 1650...
DeepSdf - INFO - epoch 1651...
DeepSdf - INFO - epoch 1652...
DeepSdf - INFO - epoch 1653...
DeepSdf - INFO - epoch 1654...
DeepSdf - INFO - epoch 1655...
DeepSdf - INFO - epoch 1656...
DeepSdf - INFO - epoch 1657...
DeepSdf - INFO - epoch 1658...
DeepSdf - INFO - epoch 1659...
DeepSdf - INFO - epoch 1660...
DeepSdf - INFO - epoch 1661...
DeepSdf - INFO - epoch 1662...
DeepSdf - INFO - epoch 1663...
DeepSdf - INFO - epoch 1664...
DeepSdf - INFO - epoch 1665...
DeepSdf - INFO - epoch 1666...
DeepSdf - INFO - epoch 1667...
DeepSdf - INFO - epoch 1668...
DeepSdf - INFO - epoch 1669...
DeepSdf - INFO - epoch 1670...
DeepSdf - INFO - epoch 1671...
DeepSdf - INFO - epoch 1672...
DeepSdf - INFO - epoch 1673...
DeepSdf - INFO - epoch 1674...
DeepSdf - INFO - epoch 1675...
DeepSdf - INFO - epoch 1676...
DeepSdf - INFO - epoch 1677...
DeepSdf - INFO - epoch 1678...
DeepSdf - INFO - epoch 1679...
DeepSdf - INFO - epoch 1680...
DeepSdf - INFO - epoch 1681...
DeepSdf - INFO - epoch 1682...
DeepSdf - INFO - epoch 1683...
DeepSdf - INFO - epoch 1684...
DeepSdf - INFO - epoch 1685...
DeepSdf - INFO - epoch 1686...
DeepSdf - INFO - epoch 1687...
DeepSdf - INFO - epoch 1688...
DeepSdf - INFO - epoch 1689...
DeepSdf - INFO - epoch 1690...
DeepSdf - INFO - epoch 1691...
DeepSdf - INFO - epoch 1692...
DeepSdf - INFO - epoch 1693...
DeepSdf - INFO - epoch 1694...
DeepSdf - INFO - epoch 1695...
DeepSdf - INFO - epoch 1696...
DeepSdf - INFO - epoch 1697...
DeepSdf - INFO - epoch 1698...
DeepSdf - INFO - epoch 1699...
DeepSdf - INFO - epoch 1700...
DeepSdf - INFO - epoch 1701...
DeepSdf - INFO - epoch 1702...
DeepSdf - INFO - epoch 1703...
DeepSdf - INFO - epoch 1704...
DeepSdf - INFO - epoch 1705...
DeepSdf - INFO - epoch 1706...
DeepSdf - INFO - epoch 1707...
DeepSdf - INFO - epoch 1708...
DeepSdf - INFO - epoch 1709...
DeepSdf - INFO - epoch 1710...
DeepSdf - INFO - epoch 1711...
DeepSdf - INFO - epoch 1712...
DeepSdf - INFO - epoch 1713...
DeepSdf - INFO - epoch 1714...
DeepSdf - INFO - epoch 1715...
DeepSdf - INFO - epoch 1716...
DeepSdf - INFO - epoch 1717...
DeepSdf - INFO - epoch 1718...
DeepSdf - INFO - epoch 1719...
DeepSdf - INFO - epoch 1720...
DeepSdf - INFO - epoch 1721...
DeepSdf - INFO - epoch 1722...
DeepSdf - INFO - epoch 1723...
DeepSdf - INFO - epoch 1724...
DeepSdf - INFO - epoch 1725...
DeepSdf - INFO - epoch 1726...
DeepSdf - INFO - epoch 1727...
DeepSdf - INFO - epoch 1728...
DeepSdf - INFO - epoch 1729...
DeepSdf - INFO - epoch 1730...
DeepSdf - INFO - epoch 1731...
DeepSdf - INFO - epoch 1732...
DeepSdf - INFO - epoch 1733...
DeepSdf - INFO - epoch 1734...
DeepSdf - INFO - epoch 1735...
DeepSdf - INFO - epoch 1736...
DeepSdf - INFO - epoch 1737...
DeepSdf - INFO - epoch 1738...
DeepSdf - INFO - epoch 1739...
DeepSdf - INFO - epoch 1740...
DeepSdf - INFO - epoch 1741...
DeepSdf - INFO - epoch 1742...
DeepSdf - INFO - epoch 1743...
DeepSdf - INFO - epoch 1744...
DeepSdf - INFO - epoch 1745...
DeepSdf - INFO - epoch 1746...
DeepSdf - INFO - epoch 1747...
DeepSdf - INFO - epoch 1748...
DeepSdf - INFO - epoch 1749...
DeepSdf - INFO - epoch 1750...
DeepSdf - INFO - epoch 1751...
DeepSdf - INFO - epoch 1752...
DeepSdf - INFO - epoch 1753...
DeepSdf - INFO - epoch 1754...
DeepSdf - INFO - epoch 1755...
DeepSdf - INFO - epoch 1756...
DeepSdf - INFO - epoch 1757...
DeepSdf - INFO - epoch 1758...
DeepSdf - INFO - epoch 1759...
DeepSdf - INFO - epoch 1760...
DeepSdf - INFO - epoch 1761...
DeepSdf - INFO - epoch 1762...
DeepSdf - INFO - epoch 1763...
DeepSdf - INFO - epoch 1764...
DeepSdf - INFO - epoch 1765...
DeepSdf - INFO - epoch 1766...
DeepSdf - INFO - epoch 1767...
DeepSdf - INFO - epoch 1768...
DeepSdf - INFO - epoch 1769...
DeepSdf - INFO - epoch 1770...
DeepSdf - INFO - epoch 1771...
DeepSdf - INFO - epoch 1772...
DeepSdf - INFO - epoch 1773...
DeepSdf - INFO - epoch 1774...
DeepSdf - INFO - epoch 1775...
DeepSdf - INFO - epoch 1776...
DeepSdf - INFO - epoch 1777...
DeepSdf - INFO - epoch 1778...
DeepSdf - INFO - epoch 1779...
DeepSdf - INFO - epoch 1780...
DeepSdf - INFO - epoch 1781...
DeepSdf - INFO - epoch 1782...
DeepSdf - INFO - epoch 1783...
DeepSdf - INFO - epoch 1784...
DeepSdf - INFO - epoch 1785...
DeepSdf - INFO - epoch 1786...
DeepSdf - INFO - epoch 1787...
DeepSdf - INFO - epoch 1788...
DeepSdf - INFO - epoch 1789...
DeepSdf - INFO - epoch 1790...
DeepSdf - INFO - epoch 1791...
DeepSdf - INFO - epoch 1792...
DeepSdf - INFO - epoch 1793...
DeepSdf - INFO - epoch 1794...
DeepSdf - INFO - epoch 1795...
DeepSdf - INFO - epoch 1796...
DeepSdf - INFO - epoch 1797...
DeepSdf - INFO - epoch 1798...
DeepSdf - INFO - epoch 1799...
DeepSdf - INFO - epoch 1800...
DeepSdf - INFO - epoch 1801...
DeepSdf - INFO - epoch 1802...
DeepSdf - INFO - epoch 1803...
DeepSdf - INFO - epoch 1804...
DeepSdf - INFO - epoch 1805...
DeepSdf - INFO - epoch 1806...
DeepSdf - INFO - epoch 1807...
DeepSdf - INFO - epoch 1808...
DeepSdf - INFO - epoch 1809...
DeepSdf - INFO - epoch 1810...
DeepSdf - INFO - epoch 1811...
DeepSdf - INFO - epoch 1812...
DeepSdf - INFO - epoch 1813...
DeepSdf - INFO - epoch 1814...
DeepSdf - INFO - epoch 1815...
DeepSdf - INFO - epoch 1816...
DeepSdf - INFO - epoch 1817...
DeepSdf - INFO - epoch 1818...
DeepSdf - INFO - epoch 1819...
DeepSdf - INFO - epoch 1820...
DeepSdf - INFO - epoch 1821...
DeepSdf - INFO - epoch 1822...
DeepSdf - INFO - epoch 1823...
DeepSdf - INFO - epoch 1824...
DeepSdf - INFO - epoch 1825...
DeepSdf - INFO - epoch 1826...
DeepSdf - INFO - epoch 1827...
DeepSdf - INFO - epoch 1828...
DeepSdf - INFO - epoch 1829...
DeepSdf - INFO - epoch 1830...
DeepSdf - INFO - epoch 1831...
DeepSdf - INFO - epoch 1832...
DeepSdf - INFO - epoch 1833...
DeepSdf - INFO - epoch 1834...
DeepSdf - INFO - epoch 1835...
DeepSdf - INFO - epoch 1836...
DeepSdf - INFO - epoch 1837...
DeepSdf - INFO - epoch 1838...
DeepSdf - INFO - epoch 1839...
DeepSdf - INFO - epoch 1840...
DeepSdf - INFO - epoch 1841...
DeepSdf - INFO - epoch 1842...
DeepSdf - INFO - epoch 1843...
DeepSdf - INFO - epoch 1844...
DeepSdf - INFO - epoch 1845...
DeepSdf - INFO - epoch 1846...
DeepSdf - INFO - epoch 1847...
DeepSdf - INFO - epoch 1848...
DeepSdf - INFO - epoch 1849...
DeepSdf - INFO - epoch 1850...
DeepSdf - INFO - epoch 1851...
DeepSdf - INFO - epoch 1852...
DeepSdf - INFO - epoch 1853...
DeepSdf - INFO - epoch 1854...
DeepSdf - INFO - epoch 1855...
DeepSdf - INFO - epoch 1856...
DeepSdf - INFO - epoch 1857...
DeepSdf - INFO - epoch 1858...
DeepSdf - INFO - epoch 1859...
DeepSdf - INFO - epoch 1860...
DeepSdf - INFO - epoch 1861...
DeepSdf - INFO - epoch 1862...
DeepSdf - INFO - epoch 1863...
DeepSdf - INFO - epoch 1864...
DeepSdf - INFO - epoch 1865...
DeepSdf - INFO - epoch 1866...
DeepSdf - INFO - epoch 1867...
DeepSdf - INFO - epoch 1868...
DeepSdf - INFO - epoch 1869...
DeepSdf - INFO - epoch 1870...
DeepSdf - INFO - epoch 1871...
DeepSdf - INFO - epoch 1872...
DeepSdf - INFO - epoch 1873...
DeepSdf - INFO - epoch 1874...
DeepSdf - INFO - epoch 1875...
DeepSdf - INFO - epoch 1876...
DeepSdf - INFO - epoch 1877...
DeepSdf - INFO - epoch 1878...
DeepSdf - INFO - epoch 1879...
DeepSdf - INFO - epoch 1880...
DeepSdf - INFO - epoch 1881...
DeepSdf - INFO - epoch 1882...
DeepSdf - INFO - epoch 1883...
DeepSdf - INFO - epoch 1884...
DeepSdf - INFO - epoch 1885...
DeepSdf - INFO - epoch 1886...
DeepSdf - INFO - epoch 1887...
DeepSdf - INFO - epoch 1888...
DeepSdf - INFO - epoch 1889...
DeepSdf - INFO - epoch 1890...
DeepSdf - INFO - epoch 1891...
DeepSdf - INFO - epoch 1892...
DeepSdf - INFO - epoch 1893...
DeepSdf - INFO - epoch 1894...
DeepSdf - INFO - epoch 1895...
DeepSdf - INFO - epoch 1896...
DeepSdf - INFO - epoch 1897...
DeepSdf - INFO - epoch 1898...
DeepSdf - INFO - epoch 1899...
DeepSdf - INFO - epoch 1900...
DeepSdf - INFO - epoch 1901...
DeepSdf - INFO - epoch 1902...
DeepSdf - INFO - epoch 1903...
DeepSdf - INFO - epoch 1904...
DeepSdf - INFO - epoch 1905...
DeepSdf - INFO - epoch 1906...
DeepSdf - INFO - epoch 1907...
DeepSdf - INFO - epoch 1908...
DeepSdf - INFO - epoch 1909...
DeepSdf - INFO - epoch 1910...
DeepSdf - INFO - epoch 1911...
DeepSdf - INFO - epoch 1912...
DeepSdf - INFO - epoch 1913...
DeepSdf - INFO - epoch 1914...
DeepSdf - INFO - epoch 1915...
DeepSdf - INFO - epoch 1916...
DeepSdf - INFO - epoch 1917...
DeepSdf - INFO - epoch 1918...
DeepSdf - INFO - epoch 1919...
DeepSdf - INFO - epoch 1920...
DeepSdf - INFO - epoch 1921...
DeepSdf - INFO - epoch 1922...
DeepSdf - INFO - epoch 1923...
DeepSdf - INFO - epoch 1924...
DeepSdf - INFO - epoch 1925...
DeepSdf - INFO - epoch 1926...
DeepSdf - INFO - epoch 1927...
DeepSdf - INFO - epoch 1928...
DeepSdf - INFO - epoch 1929...
DeepSdf - INFO - epoch 1930...
DeepSdf - INFO - epoch 1931...
DeepSdf - INFO - epoch 1932...
DeepSdf - INFO - epoch 1933...
DeepSdf - INFO - epoch 1934...
DeepSdf - INFO - epoch 1935...
DeepSdf - INFO - epoch 1936...
DeepSdf - INFO - epoch 1937...
DeepSdf - INFO - epoch 1938...
DeepSdf - INFO - epoch 1939...
DeepSdf - INFO - epoch 1940...
DeepSdf - INFO - epoch 1941...
DeepSdf - INFO - epoch 1942...
DeepSdf - INFO - epoch 1943...
DeepSdf - INFO - epoch 1944...
DeepSdf - INFO - epoch 1945...
DeepSdf - INFO - epoch 1946...
DeepSdf - INFO - epoch 1947...
DeepSdf - INFO - epoch 1948...
DeepSdf - INFO - epoch 1949...
DeepSdf - INFO - epoch 1950...
DeepSdf - INFO - epoch 1951...
DeepSdf - INFO - epoch 1952...
DeepSdf - INFO - epoch 1953...
DeepSdf - INFO - epoch 1954...
DeepSdf - INFO - epoch 1955...
DeepSdf - INFO - epoch 1956...
DeepSdf - INFO - epoch 1957...
DeepSdf - INFO - epoch 1958...
DeepSdf - INFO - epoch 1959...
DeepSdf - INFO - epoch 1960...
DeepSdf - INFO - epoch 1961...
DeepSdf - INFO - epoch 1962...
DeepSdf - INFO - epoch 1963...
DeepSdf - INFO - epoch 1964...
DeepSdf - INFO - epoch 1965...
DeepSdf - INFO - epoch 1966...
DeepSdf - INFO - epoch 1967...
DeepSdf - INFO - epoch 1968...
DeepSdf - INFO - epoch 1969...
DeepSdf - INFO - epoch 1970...
DeepSdf - INFO - epoch 1971...
DeepSdf - INFO - epoch 1972...
DeepSdf - INFO - epoch 1973...
DeepSdf - INFO - epoch 1974...
DeepSdf - INFO - epoch 1975...
DeepSdf - INFO - epoch 1976...
DeepSdf - INFO - epoch 1977...
DeepSdf - INFO - epoch 1978...
DeepSdf - INFO - epoch 1979...
DeepSdf - INFO - epoch 1980...
DeepSdf - INFO - epoch 1981...
DeepSdf - INFO - epoch 1982...
DeepSdf - INFO - epoch 1983...
DeepSdf - INFO - epoch 1984...
DeepSdf - INFO - epoch 1985...
DeepSdf - INFO - epoch 1986...
DeepSdf - INFO - epoch 1987...
DeepSdf - INFO - epoch 1988...
DeepSdf - INFO - epoch 1989...
DeepSdf - INFO - epoch 1990...
DeepSdf - INFO - epoch 1991...
DeepSdf - INFO - epoch 1992...
DeepSdf - INFO - epoch 1993...
DeepSdf - INFO - epoch 1994...
DeepSdf - INFO - epoch 1995...
DeepSdf - INFO - epoch 1996...
DeepSdf - INFO - epoch 1997...
DeepSdf - INFO - epoch 1998...
DeepSdf - INFO - epoch 1999...
DeepSdf - INFO - epoch 2000...
DeepSdf - INFO - epoch 2001...
